<?xml version="1.0" encoding="UTF-8"?>
<!-- Generated by org.testng.reporters.JUnitReportReporter -->
<testsuite hostname="Nani" failures="0" tests="1" name="Runner.RediffRunner" time="18.818" errors="0" timestamp="2025-03-08T14:12:56 IST" skipped="0">
  <testcase classname="Runner.RediffRunner" name="runScenario" time="18.818"/>
</testsuite> <!-- Runner.RediffRunner -->
